<?xml version="1.0" encoding="UTF-8"?>
<!-- Generated by org.testng.reporters.JUnitXMLReporter -->
<testsuite ignored="0" hostname="DESKTOP-PEN6T8A" failures="0" tests="3" name="Default test" time="149.477" errors="0" timestamp="2025-02-04T15:09:42 IST">
  <testcase classname="org.rahulshetty1.eCommerce_tc_4_Hybrid" name="FillForm" time="27.022"/>
  <testcase classname="org.rahulshetty1.eCommerce_tc_4_Hybrid" name="FillForm" time="26.248"/>
  <testcase classname="org.rahulshetty1.eCommerce_tc_4_Hybrid" name="FillForm" time="26.376"/>
</testsuite> <!-- Default test -->
