<?xml version="1.0" encoding="UTF-8"?>
<testng-results ignored="0" total="3" passed="3" failed="0" skipped="0">
  <reporter-output>
  </reporter-output>
  <suite started-at="2025-02-04T15:07:13 IST" name="Default suite" finished-at="2025-02-04T15:09:42 IST" duration-ms="149477">
    <groups>
    </groups>
    <test started-at="2025-02-04T15:07:13 IST" name="Default test" finished-at="2025-02-04T15:09:42 IST" duration-ms="149477">
      <class name="org.rahulshetty1.eCommerce_tc_4_Hybrid">
        <test-method is-config="true" signature="ConfigureAppium()[pri:0, instance:org.rahulshetty1.eCommerce_tc_4_Hybrid@fa4c865]" started-at="2025-02-04T15:07:13 IST" name="ConfigureAppium" finished-at="2025-02-04T15:07:34 IST" duration-ms="21390" status="PASS">
          <reporter-output>
          </reporter-output>
        </test-method> <!-- ConfigureAppium -->
        <test-method signature="FillForm(java.lang.String,java.lang.String,java.lang.String)[pri:0, instance:org.rahulshetty1.eCommerce_tc_4_Hybrid@fa4c865]" started-at="2025-02-04T15:07:34 IST" name="FillForm" data-provider="getdata" finished-at="2025-02-04T15:08:01 IST" duration-ms="27022" status="PASS">
          <params>
            <param index="0">
              <value>
                <![CDATA[rahul shetty]]>
              </value>
            </param>
            <param index="1">
              <value>
                <![CDATA[Female]]>
              </value>
            </param>
            <param index="2">
              <value>
                <![CDATA[Argentina]]>
              </value>
            </param>
          </params>
          <reporter-output>
          </reporter-output>
        </test-method> <!-- FillForm -->
        <test-method is-config="true" signature="ConfigureAppium()[pri:0, instance:org.rahulshetty1.eCommerce_tc_4_Hybrid@fa4c865]" started-at="2025-02-04T15:08:01 IST" name="ConfigureAppium" finished-at="2025-02-04T15:08:25 IST" duration-ms="23782" status="PASS">
          <reporter-output>
          </reporter-output>
        </test-method> <!-- ConfigureAppium -->
        <test-method signature="FillForm(java.lang.String,java.lang.String,java.lang.String)[pri:0, instance:org.rahulshetty1.eCommerce_tc_4_Hybrid@fa4c865]" started-at="2025-02-04T15:08:25 IST" name="FillForm" data-provider="getdata" finished-at="2025-02-04T15:08:51 IST" duration-ms="26248" status="PASS">
          <params>
            <param index="0">
              <value>
                <![CDATA[rahul hhh shetty]]>
              </value>
            </param>
            <param index="1">
              <value>
                <![CDATA[male]]>
              </value>
            </param>
            <param index="2">
              <value>
                <![CDATA[Argentina]]>
              </value>
            </param>
          </params>
          <reporter-output>
          </reporter-output>
        </test-method> <!-- FillForm -->
        <test-method is-config="true" signature="ConfigureAppium()[pri:0, instance:org.rahulshetty1.eCommerce_tc_4_Hybrid@fa4c865]" started-at="2025-02-04T15:08:51 IST" name="ConfigureAppium" finished-at="2025-02-04T15:09:14 IST" duration-ms="22757" status="PASS">
          <reporter-output>
          </reporter-output>
        </test-method> <!-- ConfigureAppium -->
        <test-method signature="FillForm(java.lang.String,java.lang.String,java.lang.String)[pri:0, instance:org.rahulshetty1.eCommerce_tc_4_Hybrid@fa4c865]" started-at="2025-02-04T15:09:14 IST" name="FillForm" data-provider="getdata" finished-at="2025-02-04T15:09:40 IST" duration-ms="26376" status="PASS">
          <params>
            <param index="0">
              <value>
                <![CDATA[pritam]]>
              </value>
            </param>
            <param index="1">
              <value>
                <![CDATA[male]]>
              </value>
            </param>
            <param index="2">
              <value>
                <![CDATA[Argentina]]>
              </value>
            </param>
          </params>
          <reporter-output>
          </reporter-output>
        </test-method> <!-- FillForm -->
        <test-method is-config="true" signature="tearDown()[pri:0, instance:org.rahulshetty1.eCommerce_tc_4_Hybrid@fa4c865]" started-at="2025-02-04T15:09:40 IST" name="tearDown" finished-at="2025-02-04T15:09:42 IST" duration-ms="1831" status="PASS">
          <reporter-output>
          </reporter-output>
        </test-method> <!-- tearDown -->
      </class> <!-- org.rahulshetty1.eCommerce_tc_4_Hybrid -->
    </test> <!-- Default test -->
  </suite> <!-- Default suite -->
</testng-results>
